{
  "RSpec": {
    "coverage": {
      "/home/john_la/mixpanel-ruby/lib/mixpanel-ruby/consumer.rb": {
        "lines": [
          1,
          1,
          1,
          null,
          1,
          1,
          null,
          null,
          null,
          null,
          null,
          null,
          null,
          null,
          null,
          null,
          null,
          null,
          null,
          null,
          null,
          null,
          null,
          null,
          1,
          0,
          null,
          null,
          null,
          null,
          null,
          null,
          null,
          null,
          null,
          null,
          null,
          null,
          null,
          null,
          null,
          null,
          null,
          null,
          null,
          null,
          null,
          null,
          null,
          null,
          null,
          null,
          null,
          null,
          null,
          null,
          null,
          null,
          null,
          1,
          null,
          null,
          null,
          null,
          null,
          null,
          null,
          null,
          1,
          null,
          null,
          null,
          null,
          45,
          45,
          45,
          45,
          45,
          null,
          null,
          null,
          null,
          null,
          null,
          null,
          null,
          1,
          30,
          null,
          30,
          null,
          null,
          null,
          null,
          null,
          30,
          30,
          null,
          30,
          null,
          30,
          null,
          null,
          null,
          30,
          6,
          24,
          null,
          1,
          null,
          null,
          null,
          null,
          null,
          null,
          null,
          null,
          30,
          6,
          null,
          24,
          null,
          null,
          null,
          4,
          null,
          0,
          null,
          null,
          26,
          26,
          null,
          24,
          null,
          2,
          null,
          null,
          null,
          24,
          2,
          null,
          null,
          null,
          null,
          1,
          2,
          2,
          null,
          null,
          null,
          null,
          null,
          null,
          null,
          null,
          null,
          null,
          null,
          null,
          null,
          1,
          30,
          null,
          null,
          30,
          6,
          null,
          null,
          6,
          2,
          2,
          2,
          4,
          3,
          3,
          3,
          null,
          3,
          2,
          1,
          null,
          1,
          null,
          null,
          2,
          2,
          null,
          null,
          26,
          26,
          null,
          null,
          26,
          null,
          2,
          null,
          null,
          26,
          26,
          26,
          26,
          26,
          26,
          null,
          26,
          null,
          26,
          26,
          null,
          null,
          null,
          null,
          null,
          null,
          null,
          null,
          null,
          null,
          null,
          null,
          null,
          null,
          null,
          null,
          null,
          null,
          null,
          null,
          null,
          null,
          null,
          1,
          1,
          null,
          null,
          null,
          null,
          null,
          null,
          null,
          null,
          null,
          null,
          null,
          null,
          null,
          null,
          null,
          null,
          null,
          null,
          null,
          null,
          null,
          1,
          7,
          null,
          7,
          null,
          null,
          7,
          null,
          7,
          3,
          null,
          4,
          4,
          null,
          null,
          null,
          null,
          null,
          null,
          null,
          null,
          null,
          1,
          28,
          null,
          28,
          24,
          24,
          null,
          4,
          null,
          null,
          null,
          null,
          1,
          1,
          1,
          null,
          null,
          null,
          null,
          null,
          1,
          11,
          null,
          null,
          1,
          null,
          1,
          13,
          null,
          13,
          null,
          41,
          41,
          null,
          null,
          10,
          10,
          10,
          null,
          10,
          6,
          null,
          null,
          4,
          4,
          null,
          9,
          null,
          null,
          null,
          1,
          null,
          1,
          26,
          0,
          null,
          null,
          null
        ]
      },
      "/home/john_la/mixpanel-ruby/lib/mixpanel-ruby/credentials.rb": {
        "lines": [
          1,
          null,
          null,
          1,
          1,
          null,
          null,
          null,
          null,
          null,
          1,
          17,
          15,
          13,
          null,
          null,
          12,
          12,
          null,
          11,
          11,
          11,
          null,
          null,
          null,
          null
        ]
      },
      "/home/john_la/mixpanel-ruby/lib/mixpanel-ruby.rb": {
        "lines": [
          1,
          1,
          1,
          1,
          1,
          1,
          1,
          1,
          1
        ]
      },
      "/home/john_la/mixpanel-ruby/lib/mixpanel-ruby/tracker.rb": {
        "lines": [
          1,
          1,
          1,
          1,
          1,
          null,
          1,
          null,
          null,
          null,
          null,
          null,
          null,
          null,
          null,
          null,
          null,
          null,
          null,
          null,
          null,
          null,
          null,
          null,
          null,
          null,
          null,
          null,
          null,
          1,
          null,
          null,
          1,
          null,
          null,
          1,
          null,
          null,
          null,
          1,
          null,
          null,
          null,
          1,
          null,
          null,
          null,
          null,
          null,
          null,
          null,
          null,
          null,
          null,
          null,
          null,
          null,
          null,
          null,
          null,
          null,
          null,
          null,
          null,
          null,
          null,
          null,
          null,
          null,
          null,
          null,
          1,
          null,
          17,
          0,
          null,
          null,
          null,
          null,
          null,
          17,
          null,
          null,
          3,
          3,
          3,
          3,
          null,
          null,
          null,
          14,
          null,
          null,
          17,
          17,
          null,
          null,
          17,
          1,
          null,
          null,
          null,
          null,
          null,
          null,
          null,
          null,
          null,
          17,
          1,
          null,
          null,
          null,
          null,
          null,
          null,
          null,
          null,
          null,
          null,
          null,
          null,
          null,
          null,
          null,
          null,
          null,
          null,
          null,
          null,
          null,
          null,
          null,
          null,
          null,
          null,
          null,
          1,
          null,
          null,
          6,
          null,
          null,
          null,
          null,
          null,
          null,
          null,
          null,
          null,
          null,
          null,
          null,
          null,
          null,
          null,
          null,
          null,
          null,
          null,
          null,
          null,
          null,
          null,
          null,
          1,
          null,
          null,
          5,
          null,
          null,
          null,
          null,
          null,
          null,
          null,
          null,
          null,
          null,
          null,
          null,
          1,
          1,
          null,
          1,
          null,
          null,
          null,
          null,
          null,
          null,
          null,
          1,
          null,
          1,
          null,
          1,
          null,
          0,
          0,
          null,
          null,
          1,
          null,
          null,
          null,
          null,
          null,
          null,
          null,
          null,
          null,
          null,
          null,
          null,
          null,
          null,
          null,
          null,
          null,
          null,
          null,
          1,
          null,
          1,
          null,
          1,
          null,
          null,
          null,
          null,
          null,
          1,
          null,
          null,
          null,
          1,
          1,
          null,
          1,
          null,
          null,
          null
        ]
      },
      "/home/john_la/mixpanel-ruby/lib/mixpanel-ruby/events.rb": {
        "lines": [
          1,
          null,
          1,
          1,
          null,
          1,
          null,
          null,
          null,
          null,
          null,
          null,
          null,
          null,
          null,
          1,
          null,
          null,
          null,
          null,
          null,
          null,
          null,
          null,
          1,
          19,
          19,
          19,
          null,
          19,
          16,
          null,
          3,
          3,
          null,
          null,
          null,
          null,
          null,
          null,
          null,
          null,
          null,
          null,
          null,
          null,
          null,
          null,
          null,
          null,
          null,
          null,
          null,
          null,
          1,
          null,
          7,
          null,
          7,
          null,
          null,
          null,
          7,
          null,
          null,
          7,
          null,
          null,
          null,
          7,
          null,
          7,
          null,
          7,
          null,
          3,
          3,
          null,
          null,
          7,
          null,
          null,
          null,
          null,
          null,
          null,
          null,
          null,
          null,
          null,
          null,
          null,
          null,
          null,
          null,
          null,
          null,
          null,
          null,
          null,
          null,
          null,
          1,
          null,
          8,
          null,
          8,
          null,
          null,
          null,
          8,
          null,
          null,
          8,
          null,
          null,
          null,
          null,
          8,
          null,
          null,
          null,
          null,
          null,
          8,
          6,
          null,
          null,
          8,
          null,
          8,
          null,
          2,
          2,
          null,
          null,
          8,
          null,
          null,
          null
        ]
      },
      "/home/john_la/mixpanel-ruby/lib/mixpanel-ruby/error.rb": {
        "lines": [
          1,
          null,
          null,
          null,
          null,
          null,
          1,
          null,
          null,
          1,
          null,
          null,
          1,
          null,
          null,
          null,
          null,
          null,
          null,
          null,
          null,
          null,
          null,
          null,
          null,
          null,
          null,
          null,
          null,
          null,
          null,
          null,
          null,
          null,
          null,
          null,
          null,
          null,
          1,
          null,
          null,
          1,
          4,
          null,
          null,
          null
        ]
      },
      "/home/john_la/mixpanel-ruby/lib/mixpanel-ruby/people.rb": {
        "lines": [
          1,
          1,
          1,
          null,
          1,
          1,
          null,
          1,
          null,
          null,
          null,
          null,
          null,
          null,
          null,
          null,
          1,
          null,
          null,
          null,
          null,
          null,
          null,
          null,
          1,
          33,
          33,
          null,
          33,
          27,
          null,
          6,
          6,
          null,
          null,
          null,
          null,
          null,
          null,
          null,
          null,
          null,
          null,
          null,
          null,
          null,
          null,
          null,
          null,
          null,
          1,
          7,
          null,
          7,
          null,
          null,
          7,
          null,
          7,
          null,
          null,
          null,
          null,
          null,
          null,
          null,
          null,
          null,
          null,
          null,
          null,
          1,
          1,
          null,
          1,
          null,
          null,
          1,
          null,
          1,
          null,
          null,
          null,
          null,
          null,
          null,
          null,
          null,
          null,
          null,
          null,
          null,
          null,
          null,
          1,
          2,
          null,
          2,
          null,
          null,
          2,
          null,
          2,
          null,
          null,
          null,
          null,
          null,
          null,
          null,
          null,
          null,
          1,
          1,
          null,
          null,
          null,
          null,
          null,
          null,
          null,
          null,
          null,
          null,
          null,
          null,
          1,
          3,
          null,
          3,
          null,
          null,
          3,
          null,
          3,
          null,
          null,
          null,
          null,
          null,
          null,
          null,
          null,
          null,
          null,
          null,
          null,
          null,
          1,
          1,
          null,
          1,
          null,
          null,
          1,
          null,
          1,
          null,
          null,
          null,
          null,
          null,
          null,
          null,
          null,
          null,
          null,
          null,
          null,
          1,
          3,
          null,
          3,
          null,
          null,
          3,
          null,
          3,
          null,
          null,
          null,
          null,
          null,
          null,
          null,
          null,
          null,
          null,
          null,
          null,
          null,
          null,
          null,
          1,
          1,
          1,
          1,
          null,
          null,
          null,
          1,
          1,
          null,
          null,
          null,
          null,
          null,
          1,
          3,
          null,
          null,
          null,
          null,
          null,
          null,
          null,
          null,
          null,
          null,
          null,
          null,
          null,
          1,
          null,
          20,
          20,
          null,
          null,
          20,
          null,
          20,
          null,
          20,
          null,
          2,
          2,
          null,
          null,
          20,
          null,
          null,
          1,
          null,
          1,
          15,
          16,
          16,
          null,
          16,
          16,
          null,
          null,
          null,
          null
        ]
      },
      "/home/john_la/mixpanel-ruby/lib/mixpanel-ruby/groups.rb": {
        "lines": [
          1,
          1,
          1,
          null,
          1,
          1,
          null,
          1,
          null,
          null,
          null,
          null,
          null,
          null,
          null,
          null,
          1,
          null,
          null,
          null,
          null,
          null,
          null,
          null,
          1,
          27,
          27,
          null,
          27,
          21,
          null,
          6,
          6,
          null,
          null,
          null,
          null,
          null,
          null,
          null,
          null,
          null,
          null,
          null,
          null,
          null,
          null,
          null,
          null,
          null,
          1,
          4,
          null,
          4,
          null,
          null,
          null,
          4,
          null,
          4,
          null,
          null,
          null,
          null,
          null,
          null,
          null,
          null,
          null,
          null,
          null,
          null,
          1,
          1,
          null,
          1,
          null,
          null,
          null,
          1,
          null,
          1,
          null,
          null,
          null,
          null,
          null,
          null,
          null,
          null,
          null,
          null,
          1,
          1,
          null,
          1,
          null,
          null,
          null,
          1,
          null,
          1,
          null,
          null,
          null,
          null,
          null,
          null,
          null,
          null,
          null,
          null,
          null,
          null,
          null,
          1,
          1,
          null,
          1,
          null,
          null,
          null,
          1,
          null,
          1,
          null,
          null,
          null,
          null,
          null,
          null,
          null,
          null,
          null,
          null,
          null,
          null,
          null,
          null,
          1,
          2,
          null,
          2,
          null,
          null,
          null,
          2,
          null,
          2,
          null,
          null,
          null,
          null,
          1,
          1,
          null,
          null,
          null,
          null,
          null,
          null,
          null,
          null,
          null,
          null,
          null,
          null,
          null,
          null,
          1,
          null,
          10,
          10,
          null,
          null,
          10,
          null,
          10,
          null,
          10,
          null,
          0,
          0,
          null,
          null,
          10,
          null,
          null,
          1,
          null,
          1,
          7,
          9,
          9,
          null,
          9,
          9,
          null,
          null,
          null,
          null
        ]
      },
      "/home/john_la/mixpanel-ruby/lib/mixpanel-ruby/flags/local_flags_provider.rb": {
        "lines": [
          1,
          1,
          1,
          null,
          1,
          1,
          null,
          null,
          1,
          null,
          1,
          null,
          null,
          null,
          null,
          null,
          null,
          null,
          null,
          null,
          null,
          1,
          null,
          null,
          null,
          null,
          null,
          61,
          null,
          61,
          61,
          4,
          null,
          null,
          null,
          null,
          57,
          null,
          null,
          null,
          null,
          null,
          57,
          null,
          57,
          57,
          57,
          57,
          57,
          null,
          null,
          null,
          null,
          null,
          57,
          null,
          null,
          null,
          null,
          1,
          null,
          null,
          null,
          null,
          null,
          null,
          null,
          96,
          null,
          null,
          null,
          null,
          null,
          48,
          null,
          47,
          null,
          null,
          94,
          null,
          null,
          null,
          null,
          47,
          null,
          3,
          3,
          null,
          null,
          null,
          null,
          6,
          6,
          null,
          5,
          5,
          null,
          6,
          null,
          null,
          3,
          null,
          0,
          null,
          null,
          null,
          null,
          null,
          null,
          1,
          null,
          null,
          1,
          58,
          58,
          58,
          58,
          null,
          58,
          58,
          null,
          null,
          null,
          1,
          0,
          null,
          null,
          null,
          null,
          null,
          null,
          1,
          4,
          4,
          null,
          null,
          null,
          null,
          null,
          null,
          null,
          null,
          1,
          38,
          null,
          null,
          null,
          null,
          null,
          38,
          null,
          null,
          null,
          null,
          null,
          null,
          null,
          null,
          1,
          46,
          null,
          46,
          null,
          40,
          40,
          3,
          null,
          null,
          37,
          null,
          37,
          null,
          37,
          35,
          35,
          null,
          null,
          37,
          null,
          28,
          28,
          null,
          null,
          null,
          null,
          null,
          null,
          1,
          4,
          null,
          4,
          6,
          6,
          null,
          null,
          4,
          null,
          null,
          1,
          null,
          null,
          null,
          null,
          1,
          1,
          null,
          null,
          null,
          null,
          null,
          1,
          51,
          null,
          50,
          47,
          null,
          50,
          null,
          50,
          null,
          null,
          1,
          37,
          37,
          null,
          3,
          3,
          null,
          3,
          3,
          null,
          3,
          3,
          2,
          null,
          3,
          null,
          null,
          1,
          4,
          4,
          null,
          4,
          8,
          3,
          null,
          null,
          null,
          null,
          null,
          null,
          null,
          null,
          null,
          null,
          1,
          35,
          35,
          null,
          35,
          35,
          0,
          null,
          35,
          null,
          null,
          35,
          null,
          35,
          null,
          26,
          null,
          null,
          null,
          null,
          null,
          null,
          1,
          26,
          1,
          1,
          1,
          1,
          null,
          null,
          null,
          25,
          25,
          25,
          null,
          25,
          25,
          2,
          6,
          null,
          null,
          null,
          25,
          25,
          25,
          28,
          28,
          28,
          null,
          null,
          25,
          null,
          null,
          null,
          null,
          null,
          null,
          null,
          null,
          1,
          31,
          null,
          14,
          null,
          0,
          null,
          31,
          16,
          null,
          2,
          null,
          null,
          null,
          1,
          97,
          null,
          38,
          null,
          67,
          null,
          72,
          null,
          2,
          null,
          null,
          null,
          1,
          15,
          15,
          null,
          15,
          null,
          null,
          1,
          33,
          33,
          null,
          15,
          15,
          null,
          null,
          15,
          15,
          14,
          1,
          1,
          1,
          null,
          null,
          null,
          null,
          null
        ]
      },
      "/home/john_la/mixpanel-ruby/lib/mixpanel-ruby/flags/flags_provider.rb": {
        "lines": [
          1,
          1,
          1,
          1,
          1,
          1,
          1,
          null,
          1,
          1,
          null,
          null,
          null,
          1,
          null,
          null,
          null,
          null,
          null,
          1,
          84,
          84,
          84,
          84,
          84,
          84,
          null,
          null,
          null,
          null,
          null,
          null,
          null,
          1,
          null,
          79,
          null,
          null,
          null,
          null,
          79,
          null,
          null,
          null,
          79,
          2,
          null,
          null,
          79,
          null,
          79,
          null,
          null,
          null,
          null,
          null,
          79,
          null,
          79,
          79,
          79,
          null,
          79,
          null,
          null,
          79,
          2,
          null,
          77,
          null,
          null,
          79,
          79,
          null,
          null,
          79,
          null,
          0,
          null,
          4,
          null,
          null,
          75,
          1,
          null,
          null,
          null,
          74,
          1,
          1,
          null,
          null,
          null,
          1,
          null,
          null,
          null,
          null,
          null,
          null,
          1,
          30,
          null,
          30,
          0,
          null,
          null,
          null,
          30,
          null,
          null,
          null,
          null,
          null,
          null,
          30,
          30,
          30,
          30,
          null,
          null,
          30,
          0,
          0,
          null,
          null,
          null,
          null,
          null
        ]
      },
      "/home/john_la/mixpanel-ruby/lib/mixpanel-ruby/flags/utils.rb": {
        "lines": [
          1,
          null,
          1,
          1,
          1,
          1,
          null,
          null,
          null,
          null,
          null,
          null,
          1,
          84,
          84,
          null,
          84,
          1589,
          1589,
          1589,
          null,
          null,
          84,
          null,
          null,
          null,
          null,
          null,
          null,
          null,
          null,
          1,
          84,
          84,
          84,
          null,
          null,
          null,
          null,
          null,
          null,
          null,
          1,
          null,
          79,
          null,
          null,
          null,
          null,
          null,
          null,
          null,
          null,
          null,
          1,
          80,
          80,
          80,
          80,
          null,
          80,
          null,
          null,
          null,
          null
        ]
      },
      "/home/john_la/mixpanel-ruby/lib/mixpanel-ruby/flags/types.rb": {
        "lines": [
          1,
          1,
          null,
          1,
          1,
          null,
          null,
          null,
          null,
          null,
          null,
          null,
          1,
          null,
          112,
          112,
          112,
          112,
          112,
          null,
          null,
          null,
          null,
          1,
          null,
          0,
          null,
          null,
          null,
          null,
          null,
          null,
          null,
          null,
          null
        ]
      },
      "/home/john_la/mixpanel-ruby/lib/mixpanel-ruby/flags/remote_flags_provider.rb": {
        "lines": [
          1,
          null,
          1,
          1,
          null,
          null,
          1,
          null,
          1,
          null,
          null,
          null,
          null,
          null,
          null,
          null,
          null,
          1,
          27,
          null,
          null,
          27,
          null,
          null,
          null,
          null,
          null,
          27,
          null,
          null,
          null,
          null,
          null,
          null,
          null,
          null,
          1,
          18,
          null,
          null,
          null,
          null,
          null,
          18,
          null,
          0,
          0,
          null,
          null,
          null,
          null,
          null,
          null,
          null,
          null,
          1,
          23,
          23,
          19,
          null,
          19,
          19,
          null,
          19,
          null,
          14,
          null,
          null,
          null,
          null,
          null,
          null,
          14,
          null,
          14,
          null,
          4,
          4,
          null,
          null,
          null,
          null,
          null,
          null,
          null,
          null,
          null,
          1,
          7,
          7,
          null,
          0,
          0,
          null,
          null,
          null,
          null,
          null,
          null,
          1,
          5,
          null,
          4,
          4,
          5,
          null,
          null,
          null,
          null,
          null,
          null,
          null,
          4,
          null,
          1,
          1,
          null,
          null,
          1,
          null,
          null,
          null,
          null,
          null,
          1,
          null,
          28,
          null,
          null,
          28,
          null,
          28,
          null,
          null,
          null,
          null
        ]
      }
    },
    "timestamp": 1783612729
  }
}
