{
  "RSpec": {
    "coverage": {
      "/home/john_la/mixpanel-ruby/lib/mixpanel-ruby/consumer.rb": {
        "lines": [
          1,
          1,
          1,
          null,
          1,
          1,
          null,
          null,
          null,
          null,
          null,
          null,
          null,
          null,
          null,
          null,
          null,
          null,
          null,
          null,
          null,
          null,
          null,
          null,
          1,
          0,
          null,
          null,
          null,
          null,
          null,
          null,
          null,
          null,
          null,
          null,
          null,
          null,
          null,
          null,
          null,
          null,
          null,
          null,
          null,
          null,
          null,
          null,
          null,
          null,
          null,
          null,
          null,
          null,
          1,
          null,
          null,
          null,
          null,
          null,
          1,
          null,
          null,
          null,
          32,
          32,
          32,
          32,
          null,
          null,
          null,
          null,
          null,
          null,
          null,
          null,
          1,
          26,
          null,
          26,
          null,
          null,
          null,
          null,
          null,
          26,
          26,
          26,
          26,
          null,
          26,
          null,
          null,
          26,
          6,
          null,
          null,
          null,
          26,
          null,
          0,
          null,
          null,
          26,
          26,
          null,
          24,
          null,
          2,
          null,
          null,
          null,
          24,
          2,
          null,
          null,
          null,
          null,
          1,
          2,
          2,
          null,
          null,
          null,
          null,
          null,
          null,
          null,
          null,
          null,
          1,
          26,
          null,
          null,
          26,
          2,
          2,
          2,
          null,
          null,
          26,
          26,
          null,
          null,
          26,
          2,
          null,
          null,
          26,
          26,
          26,
          26,
          26,
          26,
          null,
          26,
          null,
          26,
          26,
          null,
          null,
          null,
          null,
          null,
          null,
          null,
          null,
          null,
          null,
          null,
          null,
          null,
          null,
          null,
          null,
          null,
          null,
          null,
          null,
          null,
          null,
          null,
          1,
          1,
          null,
          null,
          null,
          null,
          null,
          null,
          null,
          null,
          null,
          null,
          null,
          null,
          null,
          null,
          null,
          null,
          null,
          null,
          1,
          6,
          null,
          6,
          null,
          null,
          null,
          6,
          2,
          null,
          4,
          4,
          null,
          null,
          null,
          null,
          null,
          null,
          null,
          null,
          null,
          1,
          23,
          null,
          23,
          19,
          19,
          null,
          4,
          null,
          null,
          null,
          null,
          1,
          1,
          1,
          null,
          null,
          null,
          null,
          null,
          1,
          11,
          null,
          null,
          1,
          null,
          1,
          12,
          null,
          12,
          35,
          9,
          5,
          null,
          null,
          4,
          4,
          null,
          8,
          null,
          null,
          null,
          1,
          null,
          1,
          26,
          0,
          null,
          null,
          null
        ]
      },
      "/home/john_la/mixpanel-ruby/lib/mixpanel-ruby.rb": {
        "lines": [
          1,
          1,
          1,
          1,
          1,
          1,
          1,
          1,
          1
        ]
      },
      "/home/john_la/mixpanel-ruby/lib/mixpanel-ruby/tracker.rb": {
        "lines": [
          1,
          1,
          1,
          1,
          1,
          null,
          1,
          null,
          null,
          null,
          null,
          null,
          null,
          null,
          null,
          null,
          null,
          null,
          null,
          null,
          null,
          null,
          null,
          null,
          null,
          null,
          null,
          null,
          null,
          1,
          null,
          null,
          1,
          null,
          null,
          1,
          null,
          null,
          null,
          1,
          null,
          null,
          null,
          1,
          null,
          null,
          null,
          null,
          null,
          null,
          null,
          null,
          null,
          null,
          null,
          null,
          null,
          null,
          null,
          null,
          null,
          null,
          null,
          null,
          null,
          null,
          null,
          null,
          null,
          1,
          11,
          11,
          11,
          11,
          null,
          null,
          11,
          1,
          null,
          null,
          null,
          null,
          null,
          null,
          null,
          null,
          null,
          11,
          1,
          null,
          null,
          null,
          null,
          null,
          null,
          null,
          null,
          null,
          null,
          null,
          null,
          null,
          null,
          null,
          null,
          null,
          null,
          null,
          null,
          null,
          null,
          null,
          null,
          null,
          null,
          null,
          1,
          null,
          null,
          4,
          null,
          null,
          null,
          null,
          null,
          null,
          null,
          null,
          null,
          null,
          null,
          null,
          null,
          null,
          null,
          null,
          null,
          null,
          null,
          null,
          null,
          null,
          null,
          1,
          null,
          null,
          3,
          null,
          null,
          null,
          null,
          null,
          null,
          null,
          null,
          null,
          null,
          null,
          null,
          1,
          1,
          null,
          1,
          null,
          null,
          null,
          null,
          null,
          null,
          null,
          1,
          null,
          1,
          null,
          1,
          null,
          0,
          0,
          null,
          null,
          1,
          null,
          null,
          null,
          null,
          null,
          null,
          null,
          null,
          null,
          null,
          null,
          null,
          null,
          null,
          null,
          null,
          null,
          null,
          null,
          1,
          null,
          1,
          null,
          1,
          null,
          null,
          null,
          null,
          null,
          1,
          null,
          null,
          null,
          1,
          1,
          null,
          1,
          null,
          null,
          null
        ]
      },
      "/home/john_la/mixpanel-ruby/lib/mixpanel-ruby/events.rb": {
        "lines": [
          1,
          null,
          1,
          1,
          null,
          1,
          null,
          null,
          null,
          null,
          null,
          null,
          null,
          null,
          null,
          1,
          null,
          null,
          null,
          null,
          null,
          null,
          null,
          null,
          1,
          15,
          15,
          null,
          15,
          12,
          null,
          3,
          3,
          null,
          null,
          null,
          null,
          null,
          null,
          null,
          null,
          null,
          null,
          null,
          null,
          null,
          null,
          null,
          null,
          null,
          null,
          null,
          null,
          1,
          null,
          5,
          null,
          5,
          null,
          null,
          null,
          5,
          null,
          null,
          5,
          null,
          null,
          null,
          5,
          null,
          5,
          null,
          5,
          null,
          2,
          2,
          null,
          null,
          5,
          null,
          null,
          null,
          null,
          null,
          null,
          null,
          null,
          null,
          null,
          null,
          null,
          null,
          null,
          null,
          null,
          null,
          null,
          null,
          null,
          null,
          null,
          1,
          null,
          6,
          null,
          6,
          null,
          null,
          null,
          6,
          null,
          null,
          6,
          null,
          null,
          null,
          null,
          6,
          null,
          null,
          null,
          6,
          1,
          null,
          5,
          5,
          null,
          null,
          6,
          null,
          6,
          null,
          2,
          2,
          null,
          null,
          6,
          null,
          null,
          null
        ]
      },
      "/home/john_la/mixpanel-ruby/lib/mixpanel-ruby/error.rb": {
        "lines": [
          1,
          null,
          null,
          null,
          null,
          null,
          1,
          null,
          null,
          1,
          null,
          null,
          1,
          null,
          null,
          null,
          null,
          null,
          null,
          null,
          null,
          null,
          null,
          null,
          null,
          null,
          null,
          null,
          null,
          null,
          null,
          null,
          null,
          null,
          null,
          null,
          null,
          null,
          1,
          null,
          null,
          1,
          3,
          null,
          null,
          null
        ]
      },
      "/home/john_la/mixpanel-ruby/lib/mixpanel-ruby/people.rb": {
        "lines": [
          1,
          1,
          1,
          null,
          1,
          1,
          null,
          1,
          null,
          null,
          null,
          null,
          null,
          null,
          null,
          null,
          1,
          null,
          null,
          null,
          null,
          null,
          null,
          null,
          1,
          27,
          27,
          null,
          27,
          24,
          null,
          3,
          3,
          null,
          null,
          null,
          null,
          null,
          null,
          null,
          null,
          null,
          null,
          null,
          null,
          null,
          null,
          null,
          null,
          null,
          1,
          7,
          null,
          7,
          null,
          null,
          7,
          null,
          7,
          null,
          null,
          null,
          null,
          null,
          null,
          null,
          null,
          null,
          null,
          null,
          null,
          1,
          1,
          null,
          1,
          null,
          null,
          1,
          null,
          1,
          null,
          null,
          null,
          null,
          null,
          null,
          null,
          null,
          null,
          null,
          null,
          null,
          null,
          null,
          1,
          2,
          null,
          2,
          null,
          null,
          2,
          null,
          2,
          null,
          null,
          null,
          null,
          null,
          null,
          null,
          null,
          null,
          1,
          1,
          null,
          null,
          null,
          null,
          null,
          null,
          null,
          null,
          null,
          null,
          null,
          null,
          1,
          3,
          null,
          3,
          null,
          null,
          3,
          null,
          3,
          null,
          null,
          null,
          null,
          null,
          null,
          null,
          null,
          null,
          null,
          null,
          null,
          null,
          1,
          1,
          null,
          1,
          null,
          null,
          1,
          null,
          1,
          null,
          null,
          null,
          null,
          null,
          null,
          null,
          null,
          null,
          null,
          null,
          null,
          1,
          3,
          null,
          3,
          null,
          null,
          3,
          null,
          3,
          null,
          null,
          null,
          null,
          null,
          null,
          null,
          null,
          null,
          null,
          null,
          null,
          null,
          null,
          null,
          1,
          1,
          1,
          1,
          null,
          null,
          null,
          1,
          1,
          null,
          null,
          null,
          null,
          null,
          1,
          3,
          null,
          null,
          null,
          null,
          null,
          null,
          null,
          null,
          null,
          null,
          null,
          null,
          null,
          1,
          null,
          20,
          20,
          null,
          null,
          20,
          null,
          20,
          null,
          20,
          null,
          2,
          2,
          null,
          null,
          20,
          null,
          null,
          1,
          null,
          1,
          15,
          16,
          16,
          null,
          16,
          16,
          null,
          null,
          null,
          null
        ]
      },
      "/home/john_la/mixpanel-ruby/lib/mixpanel-ruby/groups.rb": {
        "lines": [
          1,
          1,
          1,
          null,
          1,
          1,
          null,
          1,
          null,
          null,
          null,
          null,
          null,
          null,
          null,
          null,
          1,
          null,
          null,
          null,
          null,
          null,
          null,
          null,
          1,
          21,
          21,
          null,
          21,
          18,
          null,
          3,
          3,
          null,
          null,
          null,
          null,
          null,
          null,
          null,
          null,
          null,
          null,
          null,
          null,
          null,
          null,
          null,
          null,
          null,
          1,
          4,
          null,
          4,
          null,
          null,
          null,
          4,
          null,
          4,
          null,
          null,
          null,
          null,
          null,
          null,
          null,
          null,
          null,
          null,
          null,
          null,
          1,
          1,
          null,
          1,
          null,
          null,
          null,
          1,
          null,
          1,
          null,
          null,
          null,
          null,
          null,
          null,
          null,
          null,
          null,
          null,
          1,
          1,
          null,
          1,
          null,
          null,
          null,
          1,
          null,
          1,
          null,
          null,
          null,
          null,
          null,
          null,
          null,
          null,
          null,
          null,
          null,
          null,
          null,
          1,
          1,
          null,
          1,
          null,
          null,
          null,
          1,
          null,
          1,
          null,
          null,
          null,
          null,
          null,
          null,
          null,
          null,
          null,
          null,
          null,
          null,
          null,
          null,
          1,
          2,
          null,
          2,
          null,
          null,
          null,
          2,
          null,
          2,
          null,
          null,
          null,
          null,
          1,
          1,
          null,
          null,
          null,
          null,
          null,
          null,
          null,
          null,
          null,
          null,
          null,
          null,
          null,
          null,
          1,
          null,
          10,
          10,
          null,
          null,
          10,
          null,
          10,
          null,
          10,
          null,
          0,
          0,
          null,
          null,
          10,
          null,
          null,
          1,
          null,
          1,
          7,
          9,
          9,
          null,
          9,
          9,
          null,
          null,
          null,
          null
        ]
      },
      "/home/john_la/mixpanel-ruby/lib/mixpanel-ruby/flags/local_flags_provider.rb": {
        "lines": [
          1,
          1,
          1,
          null,
          1,
          1,
          null,
          null,
          1,
          null,
          1,
          null,
          null,
          null,
          null,
          null,
          null,
          null,
          null,
          null,
          null,
          1,
          48,
          null,
          null,
          48,
          null,
          null,
          null,
          null,
          null,
          48,
          null,
          48,
          48,
          48,
          null,
          null,
          null,
          null,
          1,
          45,
          null,
          44,
          1,
          1,
          1,
          3,
          3,
          null,
          null,
          2,
          null,
          0,
          null,
          null,
          null,
          null,
          null,
          1,
          null,
          null,
          1,
          47,
          47,
          47,
          null,
          null,
          1,
          0,
          null,
          null,
          null,
          null,
          null,
          null,
          1,
          4,
          4,
          null,
          null,
          null,
          null,
          null,
          null,
          null,
          null,
          1,
          38,
          null,
          null,
          null,
          null,
          null,
          38,
          null,
          null,
          null,
          null,
          null,
          null,
          null,
          null,
          1,
          46,
          null,
          46,
          null,
          40,
          40,
          3,
          null,
          null,
          37,
          null,
          37,
          null,
          37,
          35,
          35,
          null,
          null,
          37,
          null,
          28,
          28,
          null,
          null,
          null,
          null,
          null,
          null,
          1,
          4,
          null,
          4,
          6,
          6,
          null,
          null,
          4,
          null,
          null,
          1,
          null,
          1,
          47,
          null,
          46,
          44,
          null,
          46,
          null,
          46,
          null,
          null,
          1,
          37,
          37,
          null,
          3,
          3,
          null,
          3,
          3,
          null,
          3,
          3,
          2,
          null,
          3,
          null,
          null,
          1,
          4,
          4,
          null,
          4,
          8,
          3,
          null,
          null,
          null,
          null,
          null,
          null,
          null,
          null,
          null,
          null,
          1,
          35,
          35,
          null,
          35,
          35,
          0,
          null,
          35,
          null,
          null,
          35,
          null,
          35,
          null,
          26,
          null,
          null,
          null,
          null,
          null,
          null,
          1,
          26,
          1,
          1,
          1,
          1,
          null,
          null,
          null,
          25,
          25,
          25,
          null,
          25,
          25,
          2,
          6,
          null,
          null,
          null,
          25,
          25,
          25,
          28,
          28,
          28,
          null,
          null,
          25,
          null,
          null,
          null,
          null,
          null,
          null,
          null,
          null,
          1,
          31,
          null,
          14,
          null,
          0,
          null,
          31,
          16,
          null,
          2,
          null,
          null,
          null,
          1,
          97,
          null,
          38,
          null,
          67,
          null,
          72,
          null,
          2,
          null,
          null,
          null,
          1,
          15,
          15,
          null,
          15,
          null,
          null,
          1,
          33,
          33,
          null,
          15,
          15,
          null,
          null,
          15,
          15,
          14,
          1,
          1,
          1,
          null,
          null,
          null,
          null,
          null
        ]
      },
      "/home/john_la/mixpanel-ruby/lib/mixpanel-ruby/flags/flags_provider.rb": {
        "lines": [
          1,
          1,
          1,
          1,
          1,
          1,
          1,
          null,
          1,
          1,
          null,
          null,
          null,
          1,
          null,
          null,
          null,
          null,
          null,
          1,
          75,
          75,
          75,
          75,
          75,
          75,
          null,
          null,
          null,
          null,
          null,
          null,
          null,
          1,
          null,
          75,
          null,
          null,
          null,
          null,
          75,
          null,
          null,
          75,
          2,
          null,
          null,
          75,
          null,
          75,
          null,
          null,
          null,
          null,
          null,
          75,
          null,
          75,
          75,
          75,
          null,
          75,
          null,
          null,
          75,
          2,
          null,
          73,
          null,
          null,
          75,
          75,
          null,
          null,
          75,
          null,
          0,
          null,
          4,
          null,
          null,
          71,
          1,
          null,
          null,
          null,
          70,
          1,
          1,
          null,
          null,
          null,
          1,
          null,
          null,
          null,
          null,
          null,
          null,
          1,
          30,
          null,
          30,
          0,
          null,
          null,
          null,
          30,
          null,
          null,
          null,
          null,
          null,
          null,
          30,
          30,
          30,
          30,
          null,
          null,
          30,
          0,
          0,
          null,
          null,
          null,
          null,
          null
        ]
      },
      "/home/john_la/mixpanel-ruby/lib/mixpanel-ruby/flags/utils.rb": {
        "lines": [
          1,
          null,
          1,
          1,
          1,
          1,
          null,
          null,
          null,
          null,
          null,
          null,
          1,
          84,
          84,
          null,
          84,
          1589,
          1589,
          1589,
          null,
          null,
          84,
          null,
          null,
          null,
          null,
          null,
          null,
          null,
          null,
          1,
          84,
          84,
          84,
          null,
          null,
          null,
          null,
          null,
          null,
          null,
          1,
          null,
          75,
          null,
          null,
          null,
          null,
          null,
          null,
          null,
          null,
          null,
          1,
          76,
          76,
          76,
          76,
          null,
          76,
          null,
          null,
          null,
          null
        ]
      },
      "/home/john_la/mixpanel-ruby/lib/mixpanel-ruby/flags/types.rb": {
        "lines": [
          1,
          1,
          null,
          1,
          1,
          null,
          null,
          null,
          null,
          null,
          null,
          null,
          1,
          null,
          112,
          112,
          112,
          112,
          112,
          null,
          null,
          null,
          null,
          1,
          null,
          0,
          null,
          null,
          null,
          null,
          null,
          null,
          null,
          null,
          null
        ]
      },
      "/home/john_la/mixpanel-ruby/lib/mixpanel-ruby/flags/remote_flags_provider.rb": {
        "lines": [
          1,
          null,
          1,
          1,
          null,
          null,
          1,
          null,
          1,
          null,
          null,
          null,
          null,
          null,
          null,
          null,
          null,
          1,
          27,
          null,
          null,
          27,
          null,
          null,
          null,
          null,
          null,
          27,
          null,
          null,
          null,
          null,
          null,
          null,
          null,
          null,
          1,
          18,
          null,
          null,
          null,
          null,
          null,
          18,
          null,
          0,
          0,
          null,
          null,
          null,
          null,
          null,
          null,
          null,
          null,
          1,
          23,
          23,
          19,
          null,
          19,
          19,
          null,
          19,
          null,
          14,
          null,
          null,
          null,
          null,
          null,
          null,
          14,
          null,
          14,
          null,
          4,
          4,
          null,
          null,
          null,
          null,
          null,
          null,
          null,
          null,
          null,
          1,
          7,
          7,
          null,
          0,
          0,
          null,
          null,
          null,
          null,
          null,
          null,
          1,
          5,
          null,
          4,
          4,
          5,
          null,
          null,
          null,
          null,
          null,
          null,
          null,
          4,
          null,
          1,
          1,
          null,
          null,
          1,
          null,
          null,
          null,
          null,
          null,
          1,
          null,
          28,
          null,
          null,
          28,
          null,
          28,
          null,
          null,
          null,
          null
        ]
      },
      "/home/john_la/mixpanel-ruby/lib/mixpanel-ruby/credentials.rb": {
        "lines": [
          1,
          null,
          null,
          1,
          1,
          null,
          null,
          null,
          null,
          null,
          1,
          13,
          11,
          9,
          null,
          7,
          7,
          7,
          null,
          null,
          null,
          null,
          1,
          null,
          3,
          null,
          null,
          null,
          null,
          null,
          null,
          1,
          3,
          null,
          null,
          null
        ]
      }
    },
    "timestamp": 1782859458
  }
}
