<?xml version='1.0'?>
<!DOCTYPE coverage SYSTEM "http://cobertura.sourceforge.net/xml/coverage-04.dtd">
<!--Generated by simplecov-cobertura version 3.2.0 (https://github.com/jessebs/simplecov-cobertura)-->
<coverage line-rate="0.9671" lines-covered="617" lines-valid="638" complexity="0" version="0" timestamp="1783612729">
  <sources>
    <source>/home/john_la/mixpanel-ruby</source>
  </sources>
  <packages>
    <package name="mixpanel-ruby" line-rate="0.9671" complexity="0">
      <classes>
        <class name="lib/mixpanel-ruby.rb" filename="lib/mixpanel-ruby.rb" line-rate="1.0" complexity="0">
          <methods/>
          <lines>
            <line number="1" hits="1"/>
            <line number="2" hits="1"/>
            <line number="3" hits="1"/>
            <line number="4" hits="1"/>
            <line number="5" hits="1"/>
            <line number="6" hits="1"/>
            <line number="7" hits="1"/>
            <line number="8" hits="1"/>
            <line number="9" hits="1"/>
          </lines>
        </class>
        <class name="lib/mixpanel-ruby/consumer.rb" filename="lib/mixpanel-ruby/consumer.rb" line-rate="0.9725" complexity="0">
          <methods/>
          <lines>
            <line number="1" hits="1"/>
            <line number="2" hits="1"/>
            <line number="3" hits="1"/>
            <line number="5" hits="1"/>
            <line number="6" hits="1"/>
            <line number="25" hits="1"/>
            <line number="26" hits="0"/>
            <line number="60" hits="1"/>
            <line number="69" hits="1"/>
            <line number="74" hits="45"/>
            <line number="75" hits="45"/>
            <line number="76" hits="45"/>
            <line number="77" hits="45"/>
            <line number="78" hits="45"/>
            <line number="87" hits="1"/>
            <line number="88" hits="30"/>
            <line number="90" hits="30"/>
            <line number="96" hits="30"/>
            <line number="97" hits="30"/>
            <line number="99" hits="30"/>
            <line number="101" hits="30"/>
            <line number="105" hits="30"/>
            <line number="106" hits="6"/>
            <line number="107" hits="24"/>
            <line number="109" hits="1"/>
            <line number="118" hits="30"/>
            <line number="119" hits="6"/>
            <line number="121" hits="24"/>
            <line number="125" hits="4"/>
            <line number="127" hits="0"/>
            <line number="130" hits="26"/>
            <line number="131" hits="26"/>
            <line number="133" hits="24"/>
            <line number="135" hits="2"/>
            <line number="139" hits="24"/>
            <line number="140" hits="2"/>
            <line number="145" hits="1"/>
            <line number="146" hits="2"/>
            <line number="147" hits="2"/>
            <line number="161" hits="1"/>
            <line number="162" hits="30"/>
            <line number="165" hits="30"/>
            <line number="166" hits="6"/>
            <line number="169" hits="6"/>
            <line number="170" hits="2"/>
            <line number="171" hits="2"/>
            <line number="172" hits="2"/>
            <line number="173" hits="4"/>
            <line number="174" hits="3"/>
            <line number="175" hits="3"/>
            <line number="176" hits="3"/>
            <line number="178" hits="3"/>
            <line number="179" hits="2"/>
            <line number="180" hits="1"/>
            <line number="182" hits="1"/>
            <line number="185" hits="2"/>
            <line number="186" hits="2"/>
            <line number="189" hits="26"/>
            <line number="190" hits="26"/>
            <line number="193" hits="26"/>
            <line number="195" hits="2"/>
            <line number="198" hits="26"/>
            <line number="199" hits="26"/>
            <line number="200" hits="26"/>
            <line number="201" hits="26"/>
            <line number="202" hits="26"/>
            <line number="203" hits="26"/>
            <line number="205" hits="26"/>
            <line number="207" hits="26"/>
            <line number="208" hits="26"/>
            <line number="232" hits="1"/>
            <line number="233" hits="1"/>
            <line number="255" hits="1"/>
            <line number="256" hits="7"/>
            <line number="258" hits="7"/>
            <line number="261" hits="7"/>
            <line number="263" hits="7"/>
            <line number="264" hits="3"/>
            <line number="266" hits="4"/>
            <line number="267" hits="4"/>
            <line number="277" hits="1"/>
            <line number="278" hits="28"/>
            <line number="280" hits="28"/>
            <line number="281" hits="24"/>
            <line number="282" hits="24"/>
            <line number="284" hits="4"/>
            <line number="289" hits="1"/>
            <line number="290" hits="1"/>
            <line number="291" hits="1"/>
            <line number="297" hits="1"/>
            <line number="298" hits="11"/>
            <line number="301" hits="1"/>
            <line number="303" hits="1"/>
            <line number="304" hits="13"/>
            <line number="306" hits="13"/>
            <line number="308" hits="41"/>
            <line number="309" hits="41"/>
            <line number="312" hits="10"/>
            <line number="313" hits="10"/>
            <line number="314" hits="10"/>
            <line number="316" hits="10"/>
            <line number="317" hits="6"/>
            <line number="320" hits="4"/>
            <line number="321" hits="4"/>
            <line number="323" hits="9"/>
            <line number="327" hits="1"/>
            <line number="329" hits="1"/>
            <line number="330" hits="26"/>
            <line number="331" hits="0"/>
          </lines>
        </class>
        <class name="lib/mixpanel-ruby/credentials.rb" filename="lib/mixpanel-ruby/credentials.rb" line-rate="1.0" complexity="0">
          <methods/>
          <lines>
            <line number="1" hits="1"/>
            <line number="4" hits="1"/>
            <line number="5" hits="1"/>
            <line number="11" hits="1"/>
            <line number="12" hits="17"/>
            <line number="13" hits="15"/>
            <line number="14" hits="13"/>
            <line number="17" hits="12"/>
            <line number="18" hits="12"/>
            <line number="20" hits="11"/>
            <line number="21" hits="11"/>
            <line number="22" hits="11"/>
          </lines>
        </class>
        <class name="lib/mixpanel-ruby/error.rb" filename="lib/mixpanel-ruby/error.rb" line-rate="1.0" complexity="0">
          <methods/>
          <lines>
            <line number="1" hits="1"/>
            <line number="7" hits="1"/>
            <line number="10" hits="1"/>
            <line number="13" hits="1"/>
            <line number="39" hits="1"/>
            <line number="42" hits="1"/>
            <line number="43" hits="4"/>
          </lines>
        </class>
        <class name="lib/mixpanel-ruby/events.rb" filename="lib/mixpanel-ruby/events.rb" line-rate="1.0" complexity="0">
          <methods/>
          <lines>
            <line number="1" hits="1"/>
            <line number="3" hits="1"/>
            <line number="4" hits="1"/>
            <line number="6" hits="1"/>
            <line number="16" hits="1"/>
            <line number="25" hits="1"/>
            <line number="26" hits="19"/>
            <line number="27" hits="19"/>
            <line number="28" hits="19"/>
            <line number="30" hits="19"/>
            <line number="31" hits="16"/>
            <line number="33" hits="3"/>
            <line number="34" hits="3"/>
            <line number="55" hits="1"/>
            <line number="57" hits="7"/>
            <line number="59" hits="7"/>
            <line number="63" hits="7"/>
            <line number="66" hits="7"/>
            <line number="70" hits="7"/>
            <line number="72" hits="7"/>
            <line number="74" hits="7"/>
            <line number="76" hits="3"/>
            <line number="77" hits="3"/>
            <line number="80" hits="7"/>
            <line number="103" hits="1"/>
            <line number="105" hits="8"/>
            <line number="107" hits="8"/>
            <line number="111" hits="8"/>
            <line number="114" hits="8"/>
            <line number="119" hits="8"/>
            <line number="125" hits="8"/>
            <line number="126" hits="6"/>
            <line number="129" hits="8"/>
            <line number="131" hits="8"/>
            <line number="133" hits="2"/>
            <line number="134" hits="2"/>
            <line number="137" hits="8"/>
          </lines>
        </class>
        <class name="lib/mixpanel-ruby/flags/flags_provider.rb" filename="lib/mixpanel-ruby/flags/flags_provider.rb" line-rate="0.9273" complexity="0">
          <methods/>
          <lines>
            <line number="1" hits="1"/>
            <line number="2" hits="1"/>
            <line number="3" hits="1"/>
            <line number="4" hits="1"/>
            <line number="5" hits="1"/>
            <line number="6" hits="1"/>
            <line number="7" hits="1"/>
            <line number="9" hits="1"/>
            <line number="10" hits="1"/>
            <line number="14" hits="1"/>
            <line number="20" hits="1"/>
            <line number="21" hits="84"/>
            <line number="22" hits="84"/>
            <line number="23" hits="84"/>
            <line number="24" hits="84"/>
            <line number="25" hits="84"/>
            <line number="26" hits="84"/>
            <line number="34" hits="1"/>
            <line number="36" hits="79"/>
            <line number="41" hits="79"/>
            <line number="45" hits="79"/>
            <line number="46" hits="2"/>
            <line number="49" hits="79"/>
            <line number="51" hits="79"/>
            <line number="57" hits="79"/>
            <line number="59" hits="79"/>
            <line number="60" hits="79"/>
            <line number="61" hits="79"/>
            <line number="63" hits="79"/>
            <line number="66" hits="79"/>
            <line number="67" hits="2"/>
            <line number="69" hits="77"/>
            <line number="72" hits="79"/>
            <line number="73" hits="79"/>
            <line number="76" hits="79"/>
            <line number="78" hits="0"/>
            <line number="80" hits="4"/>
            <line number="83" hits="75"/>
            <line number="84" hits="1"/>
            <line number="88" hits="74"/>
            <line number="89" hits="1"/>
            <line number="90" hits="1"/>
            <line number="94" hits="1"/>
            <line number="101" hits="1"/>
            <line number="102" hits="30"/>
            <line number="104" hits="30"/>
            <line number="105" hits="0"/>
            <line number="109" hits="30"/>
            <line number="116" hits="30"/>
            <line number="117" hits="30"/>
            <line number="118" hits="30"/>
            <line number="119" hits="30"/>
            <line number="122" hits="30"/>
            <line number="123" hits="0"/>
            <line number="124" hits="0"/>
          </lines>
        </class>
        <class name="lib/mixpanel-ruby/flags/local_flags_provider.rb" filename="lib/mixpanel-ruby/flags/local_flags_provider.rb" line-rate="0.9742" complexity="0">
          <methods/>
          <lines>
            <line number="1" hits="1"/>
            <line number="2" hits="1"/>
            <line number="3" hits="1"/>
            <line number="5" hits="1"/>
            <line number="6" hits="1"/>
            <line number="9" hits="1"/>
            <line number="11" hits="1"/>
            <line number="22" hits="1"/>
            <line number="28" hits="61"/>
            <line number="30" hits="61"/>
            <line number="31" hits="61"/>
            <line number="32" hits="4"/>
            <line number="37" hits="57"/>
            <line number="43" hits="57"/>
            <line number="45" hits="57"/>
            <line number="46" hits="57"/>
            <line number="47" hits="57"/>
            <line number="48" hits="57"/>
            <line number="49" hits="57"/>
            <line number="55" hits="57"/>
            <line number="60" hits="1"/>
            <line number="68" hits="96"/>
            <line number="74" hits="48"/>
            <line number="76" hits="47"/>
            <line number="79" hits="94"/>
            <line number="84" hits="47"/>
            <line number="86" hits="3"/>
            <line number="87" hits="3"/>
            <line number="92" hits="6"/>
            <line number="93" hits="6"/>
            <line number="95" hits="5"/>
            <line number="96" hits="5"/>
            <line number="98" hits="6"/>
            <line number="101" hits="3"/>
            <line number="103" hits="0"/>
            <line number="110" hits="1"/>
            <line number="113" hits="1"/>
            <line number="114" hits="58"/>
            <line number="115" hits="58"/>
            <line number="116" hits="58"/>
            <line number="117" hits="58"/>
            <line number="119" hits="58"/>
            <line number="120" hits="58"/>
            <line number="124" hits="1"/>
            <line number="125" hits="0"/>
            <line number="132" hits="1"/>
            <line number="133" hits="4"/>
            <line number="134" hits="4"/>
            <line number="143" hits="1"/>
            <line number="144" hits="38"/>
            <line number="150" hits="38"/>
            <line number="159" hits="1"/>
            <line number="160" hits="46"/>
            <line number="162" hits="46"/>
            <line number="164" hits="40"/>
            <line number="165" hits="40"/>
            <line number="166" hits="3"/>
            <line number="169" hits="37"/>
            <line number="171" hits="37"/>
            <line number="173" hits="37"/>
            <line number="174" hits="35"/>
            <line number="175" hits="35"/>
            <line number="178" hits="37"/>
            <line number="180" hits="28"/>
            <line number="181" hits="28"/>
            <line number="188" hits="1"/>
            <line number="189" hits="4"/>
            <line number="191" hits="4"/>
            <line number="192" hits="6"/>
            <line number="193" hits="6"/>
            <line number="196" hits="4"/>
            <line number="199" hits="1"/>
            <line number="204" hits="1"/>
            <line number="205" hits="1"/>
            <line number="211" hits="1"/>
            <line number="212" hits="51"/>
            <line number="214" hits="50"/>
            <line number="215" hits="47"/>
            <line number="217" hits="50"/>
            <line number="219" hits="50"/>
            <line number="222" hits="1"/>
            <line number="223" hits="37"/>
            <line number="224" hits="37"/>
            <line number="226" hits="3"/>
            <line number="227" hits="3"/>
            <line number="229" hits="3"/>
            <line number="230" hits="3"/>
            <line number="232" hits="3"/>
            <line number="233" hits="3"/>
            <line number="234" hits="2"/>
            <line number="236" hits="3"/>
            <line number="239" hits="1"/>
            <line number="240" hits="4"/>
            <line number="241" hits="4"/>
            <line number="243" hits="4"/>
            <line number="244" hits="8"/>
            <line number="245" hits="3"/>
            <line number="256" hits="1"/>
            <line number="257" hits="35"/>
            <line number="258" hits="35"/>
            <line number="260" hits="35"/>
            <line number="261" hits="35"/>
            <line number="262" hits="0"/>
            <line number="264" hits="35"/>
            <line number="267" hits="35"/>
            <line number="269" hits="35"/>
            <line number="271" hits="26"/>
            <line number="278" hits="1"/>
            <line number="279" hits="26"/>
            <line number="280" hits="1"/>
            <line number="281" hits="1"/>
            <line number="282" hits="1"/>
            <line number="283" hits="1"/>
            <line number="287" hits="25"/>
            <line number="288" hits="25"/>
            <line number="289" hits="25"/>
            <line number="291" hits="25"/>
            <line number="292" hits="25"/>
            <line number="293" hits="2"/>
            <line number="294" hits="6"/>
            <line number="298" hits="25"/>
            <line number="299" hits="25"/>
            <line number="300" hits="25"/>
            <line number="301" hits="28"/>
            <line number="302" hits="28"/>
            <line number="303" hits="28"/>
            <line number="306" hits="25"/>
            <line number="315" hits="1"/>
            <line number="316" hits="31"/>
            <line number="318" hits="14"/>
            <line number="320" hits="0"/>
            <line number="322" hits="31"/>
            <line number="323" hits="16"/>
            <line number="325" hits="2"/>
            <line number="329" hits="1"/>
            <line number="330" hits="97"/>
            <line number="332" hits="38"/>
            <line number="334" hits="67"/>
            <line number="336" hits="72"/>
            <line number="338" hits="2"/>
            <line number="342" hits="1"/>
            <line number="343" hits="15"/>
            <line number="344" hits="15"/>
            <line number="346" hits="15"/>
            <line number="349" hits="1"/>
            <line number="350" hits="33"/>
            <line number="351" hits="33"/>
            <line number="353" hits="15"/>
            <line number="354" hits="15"/>
            <line number="357" hits="15"/>
            <line number="358" hits="15"/>
            <line number="359" hits="14"/>
            <line number="360" hits="1"/>
            <line number="361" hits="1"/>
            <line number="362" hits="1"/>
          </lines>
        </class>
        <class name="lib/mixpanel-ruby/flags/remote_flags_provider.rb" filename="lib/mixpanel-ruby/flags/remote_flags_provider.rb" line-rate="0.9091" complexity="0">
          <methods/>
          <lines>
            <line number="1" hits="1"/>
            <line number="3" hits="1"/>
            <line number="4" hits="1"/>
            <line number="7" hits="1"/>
            <line number="9" hits="1"/>
            <line number="18" hits="1"/>
            <line number="19" hits="27"/>
            <line number="22" hits="27"/>
            <line number="28" hits="27"/>
            <line number="37" hits="1"/>
            <line number="38" hits="18"/>
            <line number="44" hits="18"/>
            <line number="46" hits="0"/>
            <line number="47" hits="0"/>
            <line number="56" hits="1"/>
            <line number="57" hits="23"/>
            <line number="58" hits="23"/>
            <line number="59" hits="19"/>
            <line number="61" hits="19"/>
            <line number="62" hits="19"/>
            <line number="64" hits="19"/>
            <line number="66" hits="14"/>
            <line number="73" hits="14"/>
            <line number="75" hits="14"/>
            <line number="77" hits="4"/>
            <line number="78" hits="4"/>
            <line number="88" hits="1"/>
            <line number="89" hits="7"/>
            <line number="90" hits="7"/>
            <line number="92" hits="0"/>
            <line number="93" hits="0"/>
            <line number="100" hits="1"/>
            <line number="101" hits="5"/>
            <line number="103" hits="4"/>
            <line number="104" hits="4"/>
            <line number="105" hits="5"/>
            <line number="113" hits="4"/>
            <line number="115" hits="1"/>
            <line number="116" hits="1"/>
            <line number="119" hits="1"/>
            <line number="125" hits="1"/>
            <line number="127" hits="28"/>
            <line number="130" hits="28"/>
            <line number="132" hits="28"/>
          </lines>
        </class>
        <class name="lib/mixpanel-ruby/flags/types.rb" filename="lib/mixpanel-ruby/flags/types.rb" line-rate="0.9167" complexity="0">
          <methods/>
          <lines>
            <line number="1" hits="1"/>
            <line number="2" hits="1"/>
            <line number="4" hits="1"/>
            <line number="5" hits="1"/>
            <line number="13" hits="1"/>
            <line number="15" hits="112"/>
            <line number="16" hits="112"/>
            <line number="17" hits="112"/>
            <line number="18" hits="112"/>
            <line number="19" hits="112"/>
            <line number="24" hits="1"/>
            <line number="26" hits="0"/>
          </lines>
        </class>
        <class name="lib/mixpanel-ruby/flags/utils.rb" filename="lib/mixpanel-ruby/flags/utils.rb" line-rate="1.0" complexity="0">
          <methods/>
          <lines>
            <line number="1" hits="1"/>
            <line number="3" hits="1"/>
            <line number="4" hits="1"/>
            <line number="5" hits="1"/>
            <line number="6" hits="1"/>
            <line number="13" hits="1"/>
            <line number="14" hits="84"/>
            <line number="15" hits="84"/>
            <line number="17" hits="84"/>
            <line number="18" hits="1589"/>
            <line number="19" hits="1589"/>
            <line number="20" hits="1589"/>
            <line number="23" hits="84"/>
            <line number="32" hits="1"/>
            <line number="33" hits="84"/>
            <line number="34" hits="84"/>
            <line number="35" hits="84"/>
            <line number="43" hits="1"/>
            <line number="45" hits="79"/>
            <line number="55" hits="1"/>
            <line number="56" hits="80"/>
            <line number="57" hits="80"/>
            <line number="58" hits="80"/>
            <line number="59" hits="80"/>
            <line number="61" hits="80"/>
          </lines>
        </class>
        <class name="lib/mixpanel-ruby/groups.rb" filename="lib/mixpanel-ruby/groups.rb" line-rate="0.9649" complexity="0">
          <methods/>
          <lines>
            <line number="1" hits="1"/>
            <line number="2" hits="1"/>
            <line number="3" hits="1"/>
            <line number="5" hits="1"/>
            <line number="6" hits="1"/>
            <line number="8" hits="1"/>
            <line number="17" hits="1"/>
            <line number="25" hits="1"/>
            <line number="26" hits="27"/>
            <line number="27" hits="27"/>
            <line number="29" hits="27"/>
            <line number="30" hits="21"/>
            <line number="32" hits="6"/>
            <line number="33" hits="6"/>
            <line number="51" hits="1"/>
            <line number="52" hits="4"/>
            <line number="54" hits="4"/>
            <line number="58" hits="4"/>
            <line number="60" hits="4"/>
            <line number="73" hits="1"/>
            <line number="74" hits="1"/>
            <line number="76" hits="1"/>
            <line number="80" hits="1"/>
            <line number="82" hits="1"/>
            <line number="93" hits="1"/>
            <line number="94" hits="1"/>
            <line number="96" hits="1"/>
            <line number="100" hits="1"/>
            <line number="102" hits="1"/>
            <line number="116" hits="1"/>
            <line number="117" hits="1"/>
            <line number="119" hits="1"/>
            <line number="123" hits="1"/>
            <line number="125" hits="1"/>
            <line number="140" hits="1"/>
            <line number="141" hits="2"/>
            <line number="143" hits="2"/>
            <line number="147" hits="2"/>
            <line number="149" hits="2"/>
            <line number="154" hits="1"/>
            <line number="155" hits="1"/>
            <line number="170" hits="1"/>
            <line number="172" hits="10"/>
            <line number="173" hits="10"/>
            <line number="176" hits="10"/>
            <line number="178" hits="10"/>
            <line number="180" hits="10"/>
            <line number="182" hits="0"/>
            <line number="183" hits="0"/>
            <line number="186" hits="10"/>
            <line number="189" hits="1"/>
            <line number="191" hits="1"/>
            <line number="192" hits="7"/>
            <line number="193" hits="9"/>
            <line number="194" hits="9"/>
            <line number="196" hits="9"/>
            <line number="197" hits="9"/>
          </lines>
        </class>
        <class name="lib/mixpanel-ruby/people.rb" filename="lib/mixpanel-ruby/people.rb" line-rate="1.0" complexity="0">
          <methods/>
          <lines>
            <line number="1" hits="1"/>
            <line number="2" hits="1"/>
            <line number="3" hits="1"/>
            <line number="5" hits="1"/>
            <line number="6" hits="1"/>
            <line number="8" hits="1"/>
            <line number="17" hits="1"/>
            <line number="25" hits="1"/>
            <line number="26" hits="33"/>
            <line number="27" hits="33"/>
            <line number="29" hits="33"/>
            <line number="30" hits="27"/>
            <line number="32" hits="6"/>
            <line number="33" hits="6"/>
            <line number="51" hits="1"/>
            <line number="52" hits="7"/>
            <line number="54" hits="7"/>
            <line number="57" hits="7"/>
            <line number="59" hits="7"/>
            <line number="72" hits="1"/>
            <line number="73" hits="1"/>
            <line number="75" hits="1"/>
            <line number="78" hits="1"/>
            <line number="80" hits="1"/>
            <line number="95" hits="1"/>
            <line number="96" hits="2"/>
            <line number="98" hits="2"/>
            <line number="101" hits="2"/>
            <line number="103" hits="2"/>
            <line number="113" hits="1"/>
            <line number="114" hits="1"/>
            <line number="127" hits="1"/>
            <line number="128" hits="3"/>
            <line number="130" hits="3"/>
            <line number="133" hits="3"/>
            <line number="135" hits="3"/>
            <line number="149" hits="1"/>
            <line number="150" hits="1"/>
            <line number="152" hits="1"/>
            <line number="155" hits="1"/>
            <line number="157" hits="1"/>
            <line number="170" hits="1"/>
            <line number="171" hits="3"/>
            <line number="173" hits="3"/>
            <line number="176" hits="3"/>
            <line number="178" hits="3"/>
            <line number="194" hits="1"/>
            <line number="195" hits="1"/>
            <line number="196" hits="1"/>
            <line number="197" hits="1"/>
            <line number="201" hits="1"/>
            <line number="202" hits="1"/>
            <line number="208" hits="1"/>
            <line number="209" hits="3"/>
            <line number="223" hits="1"/>
            <line number="225" hits="20"/>
            <line number="226" hits="20"/>
            <line number="229" hits="20"/>
            <line number="231" hits="20"/>
            <line number="233" hits="20"/>
            <line number="235" hits="2"/>
            <line number="236" hits="2"/>
            <line number="239" hits="20"/>
            <line number="242" hits="1"/>
            <line number="244" hits="1"/>
            <line number="245" hits="15"/>
            <line number="246" hits="16"/>
            <line number="247" hits="16"/>
            <line number="249" hits="16"/>
            <line number="250" hits="16"/>
          </lines>
        </class>
        <class name="lib/mixpanel-ruby/tracker.rb" filename="lib/mixpanel-ruby/tracker.rb" line-rate="0.9348" complexity="0">
          <methods/>
          <lines>
            <line number="1" hits="1"/>
            <line number="2" hits="1"/>
            <line number="3" hits="1"/>
            <line number="4" hits="1"/>
            <line number="5" hits="1"/>
            <line number="7" hits="1"/>
            <line number="30" hits="1"/>
            <line number="33" hits="1"/>
            <line number="36" hits="1"/>
            <line number="40" hits="1"/>
            <line number="44" hits="1"/>
            <line number="72" hits="1"/>
            <line number="74" hits="17"/>
            <line number="75" hits="0"/>
            <line number="81" hits="17"/>
            <line number="84" hits="3"/>
            <line number="85" hits="3"/>
            <line number="86" hits="3"/>
            <line number="87" hits="3"/>
            <line number="91" hits="14"/>
            <line number="94" hits="17"/>
            <line number="95" hits="17"/>
            <line number="98" hits="17"/>
            <line number="99" hits="1"/>
            <line number="109" hits="17"/>
            <line number="110" hits="1"/>
            <line number="138" hits="1"/>
            <line number="141" hits="6"/>
            <line number="166" hits="1"/>
            <line number="169" hits="5"/>
            <line number="182" hits="1"/>
            <line number="183" hits="1"/>
            <line number="185" hits="1"/>
            <line number="193" hits="1"/>
            <line number="195" hits="1"/>
            <line number="197" hits="1"/>
            <line number="199" hits="0"/>
            <line number="200" hits="0"/>
            <line number="203" hits="1"/>
            <line number="223" hits="1"/>
            <line number="225" hits="1"/>
            <line number="227" hits="1"/>
            <line number="233" hits="1"/>
            <line number="237" hits="1"/>
            <line number="238" hits="1"/>
            <line number="240" hits="1"/>
          </lines>
        </class>
      </classes>
    </package>
  </packages>
</coverage>