<?xml version='1.0'?>
<!DOCTYPE coverage SYSTEM "http://cobertura.sourceforge.net/xml/coverage-04.dtd">
<!--Generated by simplecov-cobertura version 3.2.0 (https://github.com/jessebs/simplecov-cobertura)-->
<coverage line-rate="0.9665" lines-covered="577" lines-valid="597" complexity="0" version="0" timestamp="1782859458">
  <sources>
    <source>/home/john_la/mixpanel-ruby</source>
  </sources>
  <packages>
    <package name="mixpanel-ruby" line-rate="0.9665" complexity="0">
      <classes>
        <class name="lib/mixpanel-ruby.rb" filename="lib/mixpanel-ruby.rb" line-rate="1.0" complexity="0">
          <methods/>
          <lines>
            <line number="1" hits="1"/>
            <line number="2" hits="1"/>
            <line number="3" hits="1"/>
            <line number="4" hits="1"/>
            <line number="5" hits="1"/>
            <line number="6" hits="1"/>
            <line number="7" hits="1"/>
            <line number="8" hits="1"/>
            <line number="9" hits="1"/>
          </lines>
        </class>
        <class name="lib/mixpanel-ruby/consumer.rb" filename="lib/mixpanel-ruby/consumer.rb" line-rate="0.9655" complexity="0">
          <methods/>
          <lines>
            <line number="1" hits="1"/>
            <line number="2" hits="1"/>
            <line number="3" hits="1"/>
            <line number="5" hits="1"/>
            <line number="6" hits="1"/>
            <line number="25" hits="1"/>
            <line number="26" hits="0"/>
            <line number="55" hits="1"/>
            <line number="61" hits="1"/>
            <line number="65" hits="32"/>
            <line number="66" hits="32"/>
            <line number="67" hits="32"/>
            <line number="68" hits="32"/>
            <line number="77" hits="1"/>
            <line number="78" hits="26"/>
            <line number="80" hits="26"/>
            <line number="86" hits="26"/>
            <line number="87" hits="26"/>
            <line number="88" hits="26"/>
            <line number="89" hits="26"/>
            <line number="91" hits="26"/>
            <line number="94" hits="26"/>
            <line number="95" hits="6"/>
            <line number="99" hits="26"/>
            <line number="101" hits="0"/>
            <line number="104" hits="26"/>
            <line number="105" hits="26"/>
            <line number="107" hits="24"/>
            <line number="109" hits="2"/>
            <line number="113" hits="24"/>
            <line number="114" hits="2"/>
            <line number="119" hits="1"/>
            <line number="120" hits="2"/>
            <line number="121" hits="2"/>
            <line number="131" hits="1"/>
            <line number="132" hits="26"/>
            <line number="135" hits="26"/>
            <line number="136" hits="2"/>
            <line number="137" hits="2"/>
            <line number="138" hits="2"/>
            <line number="141" hits="26"/>
            <line number="142" hits="26"/>
            <line number="145" hits="26"/>
            <line number="146" hits="2"/>
            <line number="149" hits="26"/>
            <line number="150" hits="26"/>
            <line number="151" hits="26"/>
            <line number="152" hits="26"/>
            <line number="153" hits="26"/>
            <line number="154" hits="26"/>
            <line number="156" hits="26"/>
            <line number="158" hits="26"/>
            <line number="159" hits="26"/>
            <line number="183" hits="1"/>
            <line number="184" hits="1"/>
            <line number="203" hits="1"/>
            <line number="204" hits="6"/>
            <line number="206" hits="6"/>
            <line number="210" hits="6"/>
            <line number="211" hits="2"/>
            <line number="213" hits="4"/>
            <line number="214" hits="4"/>
            <line number="224" hits="1"/>
            <line number="225" hits="23"/>
            <line number="227" hits="23"/>
            <line number="228" hits="19"/>
            <line number="229" hits="19"/>
            <line number="231" hits="4"/>
            <line number="236" hits="1"/>
            <line number="237" hits="1"/>
            <line number="238" hits="1"/>
            <line number="244" hits="1"/>
            <line number="245" hits="11"/>
            <line number="248" hits="1"/>
            <line number="250" hits="1"/>
            <line number="251" hits="12"/>
            <line number="253" hits="12"/>
            <line number="254" hits="35"/>
            <line number="255" hits="9"/>
            <line number="256" hits="5"/>
            <line number="259" hits="4"/>
            <line number="260" hits="4"/>
            <line number="262" hits="8"/>
            <line number="266" hits="1"/>
            <line number="268" hits="1"/>
            <line number="269" hits="26"/>
            <line number="270" hits="0"/>
          </lines>
        </class>
        <class name="lib/mixpanel-ruby/credentials.rb" filename="lib/mixpanel-ruby/credentials.rb" line-rate="1.0" complexity="0">
          <methods/>
          <lines>
            <line number="1" hits="1"/>
            <line number="4" hits="1"/>
            <line number="5" hits="1"/>
            <line number="11" hits="1"/>
            <line number="12" hits="13"/>
            <line number="13" hits="11"/>
            <line number="14" hits="9"/>
            <line number="16" hits="7"/>
            <line number="17" hits="7"/>
            <line number="18" hits="7"/>
            <line number="23" hits="1"/>
            <line number="25" hits="3"/>
            <line number="32" hits="1"/>
            <line number="33" hits="3"/>
          </lines>
        </class>
        <class name="lib/mixpanel-ruby/error.rb" filename="lib/mixpanel-ruby/error.rb" line-rate="1.0" complexity="0">
          <methods/>
          <lines>
            <line number="1" hits="1"/>
            <line number="7" hits="1"/>
            <line number="10" hits="1"/>
            <line number="13" hits="1"/>
            <line number="39" hits="1"/>
            <line number="42" hits="1"/>
            <line number="43" hits="3"/>
          </lines>
        </class>
        <class name="lib/mixpanel-ruby/events.rb" filename="lib/mixpanel-ruby/events.rb" line-rate="1.0" complexity="0">
          <methods/>
          <lines>
            <line number="1" hits="1"/>
            <line number="3" hits="1"/>
            <line number="4" hits="1"/>
            <line number="6" hits="1"/>
            <line number="16" hits="1"/>
            <line number="25" hits="1"/>
            <line number="26" hits="15"/>
            <line number="27" hits="15"/>
            <line number="29" hits="15"/>
            <line number="30" hits="12"/>
            <line number="32" hits="3"/>
            <line number="33" hits="3"/>
            <line number="54" hits="1"/>
            <line number="56" hits="5"/>
            <line number="58" hits="5"/>
            <line number="62" hits="5"/>
            <line number="65" hits="5"/>
            <line number="69" hits="5"/>
            <line number="71" hits="5"/>
            <line number="73" hits="5"/>
            <line number="75" hits="2"/>
            <line number="76" hits="2"/>
            <line number="79" hits="5"/>
            <line number="102" hits="1"/>
            <line number="104" hits="6"/>
            <line number="106" hits="6"/>
            <line number="110" hits="6"/>
            <line number="113" hits="6"/>
            <line number="118" hits="6"/>
            <line number="122" hits="6"/>
            <line number="123" hits="1"/>
            <line number="125" hits="5"/>
            <line number="126" hits="5"/>
            <line number="129" hits="6"/>
            <line number="131" hits="6"/>
            <line number="133" hits="2"/>
            <line number="134" hits="2"/>
            <line number="137" hits="6"/>
          </lines>
        </class>
        <class name="lib/mixpanel-ruby/flags/flags_provider.rb" filename="lib/mixpanel-ruby/flags/flags_provider.rb" line-rate="0.9273" complexity="0">
          <methods/>
          <lines>
            <line number="1" hits="1"/>
            <line number="2" hits="1"/>
            <line number="3" hits="1"/>
            <line number="4" hits="1"/>
            <line number="5" hits="1"/>
            <line number="6" hits="1"/>
            <line number="7" hits="1"/>
            <line number="9" hits="1"/>
            <line number="10" hits="1"/>
            <line number="14" hits="1"/>
            <line number="20" hits="1"/>
            <line number="21" hits="75"/>
            <line number="22" hits="75"/>
            <line number="23" hits="75"/>
            <line number="24" hits="75"/>
            <line number="25" hits="75"/>
            <line number="26" hits="75"/>
            <line number="34" hits="1"/>
            <line number="36" hits="75"/>
            <line number="41" hits="75"/>
            <line number="44" hits="75"/>
            <line number="45" hits="2"/>
            <line number="48" hits="75"/>
            <line number="50" hits="75"/>
            <line number="56" hits="75"/>
            <line number="58" hits="75"/>
            <line number="59" hits="75"/>
            <line number="60" hits="75"/>
            <line number="62" hits="75"/>
            <line number="65" hits="75"/>
            <line number="66" hits="2"/>
            <line number="68" hits="73"/>
            <line number="71" hits="75"/>
            <line number="72" hits="75"/>
            <line number="75" hits="75"/>
            <line number="77" hits="0"/>
            <line number="79" hits="4"/>
            <line number="82" hits="71"/>
            <line number="83" hits="1"/>
            <line number="87" hits="70"/>
            <line number="88" hits="1"/>
            <line number="89" hits="1"/>
            <line number="93" hits="1"/>
            <line number="100" hits="1"/>
            <line number="101" hits="30"/>
            <line number="103" hits="30"/>
            <line number="104" hits="0"/>
            <line number="108" hits="30"/>
            <line number="115" hits="30"/>
            <line number="116" hits="30"/>
            <line number="117" hits="30"/>
            <line number="118" hits="30"/>
            <line number="121" hits="30"/>
            <line number="122" hits="0"/>
            <line number="123" hits="0"/>
          </lines>
        </class>
        <class name="lib/mixpanel-ruby/flags/local_flags_provider.rb" filename="lib/mixpanel-ruby/flags/local_flags_provider.rb" line-rate="0.9712" complexity="0">
          <methods/>
          <lines>
            <line number="1" hits="1"/>
            <line number="2" hits="1"/>
            <line number="3" hits="1"/>
            <line number="5" hits="1"/>
            <line number="6" hits="1"/>
            <line number="9" hits="1"/>
            <line number="11" hits="1"/>
            <line number="22" hits="1"/>
            <line number="23" hits="48"/>
            <line number="26" hits="48"/>
            <line number="32" hits="48"/>
            <line number="34" hits="48"/>
            <line number="35" hits="48"/>
            <line number="36" hits="48"/>
            <line number="41" hits="1"/>
            <line number="42" hits="45"/>
            <line number="44" hits="44"/>
            <line number="45" hits="1"/>
            <line number="46" hits="1"/>
            <line number="47" hits="1"/>
            <line number="48" hits="3"/>
            <line number="49" hits="3"/>
            <line number="52" hits="2"/>
            <line number="54" hits="0"/>
            <line number="60" hits="1"/>
            <line number="63" hits="1"/>
            <line number="64" hits="47"/>
            <line number="65" hits="47"/>
            <line number="66" hits="47"/>
            <line number="69" hits="1"/>
            <line number="70" hits="0"/>
            <line number="77" hits="1"/>
            <line number="78" hits="4"/>
            <line number="79" hits="4"/>
            <line number="88" hits="1"/>
            <line number="89" hits="38"/>
            <line number="95" hits="38"/>
            <line number="104" hits="1"/>
            <line number="105" hits="46"/>
            <line number="107" hits="46"/>
            <line number="109" hits="40"/>
            <line number="110" hits="40"/>
            <line number="111" hits="3"/>
            <line number="114" hits="37"/>
            <line number="116" hits="37"/>
            <line number="118" hits="37"/>
            <line number="119" hits="35"/>
            <line number="120" hits="35"/>
            <line number="123" hits="37"/>
            <line number="125" hits="28"/>
            <line number="126" hits="28"/>
            <line number="133" hits="1"/>
            <line number="134" hits="4"/>
            <line number="136" hits="4"/>
            <line number="137" hits="6"/>
            <line number="138" hits="6"/>
            <line number="141" hits="4"/>
            <line number="144" hits="1"/>
            <line number="146" hits="1"/>
            <line number="147" hits="47"/>
            <line number="149" hits="46"/>
            <line number="150" hits="44"/>
            <line number="152" hits="46"/>
            <line number="154" hits="46"/>
            <line number="157" hits="1"/>
            <line number="158" hits="37"/>
            <line number="159" hits="37"/>
            <line number="161" hits="3"/>
            <line number="162" hits="3"/>
            <line number="164" hits="3"/>
            <line number="165" hits="3"/>
            <line number="167" hits="3"/>
            <line number="168" hits="3"/>
            <line number="169" hits="2"/>
            <line number="171" hits="3"/>
            <line number="174" hits="1"/>
            <line number="175" hits="4"/>
            <line number="176" hits="4"/>
            <line number="178" hits="4"/>
            <line number="179" hits="8"/>
            <line number="180" hits="3"/>
            <line number="191" hits="1"/>
            <line number="192" hits="35"/>
            <line number="193" hits="35"/>
            <line number="195" hits="35"/>
            <line number="196" hits="35"/>
            <line number="197" hits="0"/>
            <line number="199" hits="35"/>
            <line number="202" hits="35"/>
            <line number="204" hits="35"/>
            <line number="206" hits="26"/>
            <line number="213" hits="1"/>
            <line number="214" hits="26"/>
            <line number="215" hits="1"/>
            <line number="216" hits="1"/>
            <line number="217" hits="1"/>
            <line number="218" hits="1"/>
            <line number="222" hits="25"/>
            <line number="223" hits="25"/>
            <line number="224" hits="25"/>
            <line number="226" hits="25"/>
            <line number="227" hits="25"/>
            <line number="228" hits="2"/>
            <line number="229" hits="6"/>
            <line number="233" hits="25"/>
            <line number="234" hits="25"/>
            <line number="235" hits="25"/>
            <line number="236" hits="28"/>
            <line number="237" hits="28"/>
            <line number="238" hits="28"/>
            <line number="241" hits="25"/>
            <line number="250" hits="1"/>
            <line number="251" hits="31"/>
            <line number="253" hits="14"/>
            <line number="255" hits="0"/>
            <line number="257" hits="31"/>
            <line number="258" hits="16"/>
            <line number="260" hits="2"/>
            <line number="264" hits="1"/>
            <line number="265" hits="97"/>
            <line number="267" hits="38"/>
            <line number="269" hits="67"/>
            <line number="271" hits="72"/>
            <line number="273" hits="2"/>
            <line number="277" hits="1"/>
            <line number="278" hits="15"/>
            <line number="279" hits="15"/>
            <line number="281" hits="15"/>
            <line number="284" hits="1"/>
            <line number="285" hits="33"/>
            <line number="286" hits="33"/>
            <line number="288" hits="15"/>
            <line number="289" hits="15"/>
            <line number="292" hits="15"/>
            <line number="293" hits="15"/>
            <line number="294" hits="14"/>
            <line number="295" hits="1"/>
            <line number="296" hits="1"/>
            <line number="297" hits="1"/>
          </lines>
        </class>
        <class name="lib/mixpanel-ruby/flags/remote_flags_provider.rb" filename="lib/mixpanel-ruby/flags/remote_flags_provider.rb" line-rate="0.9091" complexity="0">
          <methods/>
          <lines>
            <line number="1" hits="1"/>
            <line number="3" hits="1"/>
            <line number="4" hits="1"/>
            <line number="7" hits="1"/>
            <line number="9" hits="1"/>
            <line number="18" hits="1"/>
            <line number="19" hits="27"/>
            <line number="22" hits="27"/>
            <line number="28" hits="27"/>
            <line number="37" hits="1"/>
            <line number="38" hits="18"/>
            <line number="44" hits="18"/>
            <line number="46" hits="0"/>
            <line number="47" hits="0"/>
            <line number="56" hits="1"/>
            <line number="57" hits="23"/>
            <line number="58" hits="23"/>
            <line number="59" hits="19"/>
            <line number="61" hits="19"/>
            <line number="62" hits="19"/>
            <line number="64" hits="19"/>
            <line number="66" hits="14"/>
            <line number="73" hits="14"/>
            <line number="75" hits="14"/>
            <line number="77" hits="4"/>
            <line number="78" hits="4"/>
            <line number="88" hits="1"/>
            <line number="89" hits="7"/>
            <line number="90" hits="7"/>
            <line number="92" hits="0"/>
            <line number="93" hits="0"/>
            <line number="100" hits="1"/>
            <line number="101" hits="5"/>
            <line number="103" hits="4"/>
            <line number="104" hits="4"/>
            <line number="105" hits="5"/>
            <line number="113" hits="4"/>
            <line number="115" hits="1"/>
            <line number="116" hits="1"/>
            <line number="119" hits="1"/>
            <line number="125" hits="1"/>
            <line number="127" hits="28"/>
            <line number="130" hits="28"/>
            <line number="132" hits="28"/>
          </lines>
        </class>
        <class name="lib/mixpanel-ruby/flags/types.rb" filename="lib/mixpanel-ruby/flags/types.rb" line-rate="0.9167" complexity="0">
          <methods/>
          <lines>
            <line number="1" hits="1"/>
            <line number="2" hits="1"/>
            <line number="4" hits="1"/>
            <line number="5" hits="1"/>
            <line number="13" hits="1"/>
            <line number="15" hits="112"/>
            <line number="16" hits="112"/>
            <line number="17" hits="112"/>
            <line number="18" hits="112"/>
            <line number="19" hits="112"/>
            <line number="24" hits="1"/>
            <line number="26" hits="0"/>
          </lines>
        </class>
        <class name="lib/mixpanel-ruby/flags/utils.rb" filename="lib/mixpanel-ruby/flags/utils.rb" line-rate="1.0" complexity="0">
          <methods/>
          <lines>
            <line number="1" hits="1"/>
            <line number="3" hits="1"/>
            <line number="4" hits="1"/>
            <line number="5" hits="1"/>
            <line number="6" hits="1"/>
            <line number="13" hits="1"/>
            <line number="14" hits="84"/>
            <line number="15" hits="84"/>
            <line number="17" hits="84"/>
            <line number="18" hits="1589"/>
            <line number="19" hits="1589"/>
            <line number="20" hits="1589"/>
            <line number="23" hits="84"/>
            <line number="32" hits="1"/>
            <line number="33" hits="84"/>
            <line number="34" hits="84"/>
            <line number="35" hits="84"/>
            <line number="43" hits="1"/>
            <line number="45" hits="75"/>
            <line number="55" hits="1"/>
            <line number="56" hits="76"/>
            <line number="57" hits="76"/>
            <line number="58" hits="76"/>
            <line number="59" hits="76"/>
            <line number="61" hits="76"/>
          </lines>
        </class>
        <class name="lib/mixpanel-ruby/groups.rb" filename="lib/mixpanel-ruby/groups.rb" line-rate="0.9649" complexity="0">
          <methods/>
          <lines>
            <line number="1" hits="1"/>
            <line number="2" hits="1"/>
            <line number="3" hits="1"/>
            <line number="5" hits="1"/>
            <line number="6" hits="1"/>
            <line number="8" hits="1"/>
            <line number="17" hits="1"/>
            <line number="25" hits="1"/>
            <line number="26" hits="21"/>
            <line number="27" hits="21"/>
            <line number="29" hits="21"/>
            <line number="30" hits="18"/>
            <line number="32" hits="3"/>
            <line number="33" hits="3"/>
            <line number="51" hits="1"/>
            <line number="52" hits="4"/>
            <line number="54" hits="4"/>
            <line number="58" hits="4"/>
            <line number="60" hits="4"/>
            <line number="73" hits="1"/>
            <line number="74" hits="1"/>
            <line number="76" hits="1"/>
            <line number="80" hits="1"/>
            <line number="82" hits="1"/>
            <line number="93" hits="1"/>
            <line number="94" hits="1"/>
            <line number="96" hits="1"/>
            <line number="100" hits="1"/>
            <line number="102" hits="1"/>
            <line number="116" hits="1"/>
            <line number="117" hits="1"/>
            <line number="119" hits="1"/>
            <line number="123" hits="1"/>
            <line number="125" hits="1"/>
            <line number="140" hits="1"/>
            <line number="141" hits="2"/>
            <line number="143" hits="2"/>
            <line number="147" hits="2"/>
            <line number="149" hits="2"/>
            <line number="154" hits="1"/>
            <line number="155" hits="1"/>
            <line number="170" hits="1"/>
            <line number="172" hits="10"/>
            <line number="173" hits="10"/>
            <line number="176" hits="10"/>
            <line number="178" hits="10"/>
            <line number="180" hits="10"/>
            <line number="182" hits="0"/>
            <line number="183" hits="0"/>
            <line number="186" hits="10"/>
            <line number="189" hits="1"/>
            <line number="191" hits="1"/>
            <line number="192" hits="7"/>
            <line number="193" hits="9"/>
            <line number="194" hits="9"/>
            <line number="196" hits="9"/>
            <line number="197" hits="9"/>
          </lines>
        </class>
        <class name="lib/mixpanel-ruby/people.rb" filename="lib/mixpanel-ruby/people.rb" line-rate="1.0" complexity="0">
          <methods/>
          <lines>
            <line number="1" hits="1"/>
            <line number="2" hits="1"/>
            <line number="3" hits="1"/>
            <line number="5" hits="1"/>
            <line number="6" hits="1"/>
            <line number="8" hits="1"/>
            <line number="17" hits="1"/>
            <line number="25" hits="1"/>
            <line number="26" hits="27"/>
            <line number="27" hits="27"/>
            <line number="29" hits="27"/>
            <line number="30" hits="24"/>
            <line number="32" hits="3"/>
            <line number="33" hits="3"/>
            <line number="51" hits="1"/>
            <line number="52" hits="7"/>
            <line number="54" hits="7"/>
            <line number="57" hits="7"/>
            <line number="59" hits="7"/>
            <line number="72" hits="1"/>
            <line number="73" hits="1"/>
            <line number="75" hits="1"/>
            <line number="78" hits="1"/>
            <line number="80" hits="1"/>
            <line number="95" hits="1"/>
            <line number="96" hits="2"/>
            <line number="98" hits="2"/>
            <line number="101" hits="2"/>
            <line number="103" hits="2"/>
            <line number="113" hits="1"/>
            <line number="114" hits="1"/>
            <line number="127" hits="1"/>
            <line number="128" hits="3"/>
            <line number="130" hits="3"/>
            <line number="133" hits="3"/>
            <line number="135" hits="3"/>
            <line number="149" hits="1"/>
            <line number="150" hits="1"/>
            <line number="152" hits="1"/>
            <line number="155" hits="1"/>
            <line number="157" hits="1"/>
            <line number="170" hits="1"/>
            <line number="171" hits="3"/>
            <line number="173" hits="3"/>
            <line number="176" hits="3"/>
            <line number="178" hits="3"/>
            <line number="194" hits="1"/>
            <line number="195" hits="1"/>
            <line number="196" hits="1"/>
            <line number="197" hits="1"/>
            <line number="201" hits="1"/>
            <line number="202" hits="1"/>
            <line number="208" hits="1"/>
            <line number="209" hits="3"/>
            <line number="223" hits="1"/>
            <line number="225" hits="20"/>
            <line number="226" hits="20"/>
            <line number="229" hits="20"/>
            <line number="231" hits="20"/>
            <line number="233" hits="20"/>
            <line number="235" hits="2"/>
            <line number="236" hits="2"/>
            <line number="239" hits="20"/>
            <line number="242" hits="1"/>
            <line number="244" hits="1"/>
            <line number="245" hits="15"/>
            <line number="246" hits="16"/>
            <line number="247" hits="16"/>
            <line number="249" hits="16"/>
            <line number="250" hits="16"/>
          </lines>
        </class>
        <class name="lib/mixpanel-ruby/tracker.rb" filename="lib/mixpanel-ruby/tracker.rb" line-rate="0.95" complexity="0">
          <methods/>
          <lines>
            <line number="1" hits="1"/>
            <line number="2" hits="1"/>
            <line number="3" hits="1"/>
            <line number="4" hits="1"/>
            <line number="5" hits="1"/>
            <line number="7" hits="1"/>
            <line number="30" hits="1"/>
            <line number="33" hits="1"/>
            <line number="36" hits="1"/>
            <line number="40" hits="1"/>
            <line number="44" hits="1"/>
            <line number="70" hits="1"/>
            <line number="71" hits="11"/>
            <line number="72" hits="11"/>
            <line number="73" hits="11"/>
            <line number="74" hits="11"/>
            <line number="77" hits="11"/>
            <line number="78" hits="1"/>
            <line number="88" hits="11"/>
            <line number="89" hits="1"/>
            <line number="117" hits="1"/>
            <line number="120" hits="4"/>
            <line number="144" hits="1"/>
            <line number="147" hits="3"/>
            <line number="160" hits="1"/>
            <line number="161" hits="1"/>
            <line number="163" hits="1"/>
            <line number="171" hits="1"/>
            <line number="173" hits="1"/>
            <line number="175" hits="1"/>
            <line number="177" hits="0"/>
            <line number="178" hits="0"/>
            <line number="181" hits="1"/>
            <line number="201" hits="1"/>
            <line number="203" hits="1"/>
            <line number="205" hits="1"/>
            <line number="211" hits="1"/>
            <line number="215" hits="1"/>
            <line number="216" hits="1"/>
            <line number="218" hits="1"/>
          </lines>
        </class>
      </classes>
    </package>
  </packages>
</coverage>